2025-11-04 16:13:24,101 INFO: [31m[1mWARNING: This is a development server. Do not use it in a production deployment. Use a production WSGI server instead.[0m
 * Running on all addresses (0.0.0.0)
 * Running on http://127.0.0.1:5000
 * Running on http://192.168.178.152:5000
2025-11-04 16:13:24,101 INFO: [33mPress CTRL+C to quit[0m
2025-11-04 16:13:24,129 INFO:  * Restarting with stat
2025-11-04 16:13:24,556 WARNING:  * Debugger is active!
2025-11-04 16:13:24,556 INFO:  * Debugger PIN: 809-165-522
2025-11-04 16:13:41,726 INFO:  * Detected change in 'C:\\Projects\\Training\\tech_drive_ml\\Data_Engeeniering\\CloudNativeFundamentals\\nd064_course_1\\exercises\\python-helloworld\\app.py', reloading
2025-11-04 16:13:41,811 INFO:  * Restarting with stat
2025-11-04 16:13:42,243 WARNING:  * Debugger is active!
2025-11-04 16:13:42,259 INFO:  * Debugger PIN: 809-165-522
2025-11-04 16:13:52,632 INFO: Main request successfull
2025-11-04 16:13:52,633 INFO: 127.0.0.1 - - [04/Nov/2025 16:13:52] "GET / HTTP/1.1" 200 -
2025-11-04 16:14:22,649 INFO:  * Detected change in 'C:\\Projects\\Training\\tech_drive_ml\\Data_Engeeniering\\CloudNativeFundamentals\\nd064_course_1\\exercises\\python-helloworld\\app.py', reloading
2025-11-04 16:14:22,733 INFO:  * Restarting with stat
2025-11-04 16:14:23,158 WARNING:  * Debugger is active!
2025-11-04 16:14:23,163 INFO:  * Debugger PIN: 809-165-522
2025-11-04 16:14:27,236 INFO:  * Detected change in 'C:\\Projects\\Training\\tech_drive_ml\\Data_Engeeniering\\CloudNativeFundamentals\\nd064_course_1\\exercises\\python-helloworld\\app.py', reloading
2025-11-04 16:14:27,311 INFO:  * Restarting with stat
2025-11-04 16:14:27,752 WARNING:  * Debugger is active!
2025-11-04 16:14:27,758 INFO:  * Debugger PIN: 809-165-522
